<?xml version="1.0" ?>
<!DOCTYPE coverage SYSTEM "http://cobertura.sourceforge.net/xml/coverage-04.dtd">
<coverage lines-valid="814" lines-covered="666" line-rate="0.8181999999999999" branches-valid="300" branches-covered="207" branch-rate="0.69" timestamp="1630458261326" complexity="0" version="0.1">
  <sources>
    <source>C:\Users\ivail\Desktop\projects\Chat-application-client-React.js</source>
  </sources>
  <packages>
    <package name="src" line-rate="0.0408" branch-rate="0">
      <classes>
        <class name="appConstants.js" filename="src\appConstants.js" line-rate="1" branch-rate="1">
          <methods>
          </methods>
          <lines>
            <line number="1" hits="46" branch="false"/>
            <line number="2" hits="46" branch="false"/>
          </lines>
        </class>
        <class name="index.js" filename="src\index.js" line-rate="0" branch-rate="1">
          <methods>
          </methods>
          <lines>
            <line number="10" hits="0" branch="false"/>
          </lines>
        </class>
        <class name="reportWebVitals.js" filename="src\reportWebVitals.js" line-rate="0" branch-rate="0">
          <methods>
            <method name="(anonymous_0)" hits="0" signature="()V">
              <lines>
                <line number="1" hits="0"/>
              </lines>
            </method>
            <method name="(anonymous_1)" hits="0" signature="()V">
              <lines>
                <line number="3" hits="0"/>
              </lines>
            </method>
          </methods>
          <lines>
            <line number="1" hits="0" branch="false"/>
            <line number="2" hits="0" branch="true" condition-coverage="0% (0/4)"/>
            <line number="3" hits="0" branch="false"/>
            <line number="4" hits="0" branch="false"/>
            <line number="5" hits="0" branch="false"/>
            <line number="6" hits="0" branch="false"/>
            <line number="7" hits="0" branch="false"/>
            <line number="8" hits="0" branch="false"/>
          </lines>
        </class>
        <class name="serviceWorker.js" filename="src\serviceWorker.js" line-rate="0" branch-rate="0">
          <methods>
            <method name="register" hits="0" signature="()V">
              <lines>
                <line number="23" hits="0"/>
              </lines>
            </method>
            <method name="(anonymous_1)" hits="0" signature="()V">
              <lines>
                <line number="34" hits="0"/>
              </lines>
            </method>
            <method name="(anonymous_2)" hits="0" signature="()V">
              <lines>
                <line number="43" hits="0"/>
              </lines>
            </method>
            <method name="registerValidSW" hits="0" signature="()V">
              <lines>
                <line number="57" hits="0"/>
              </lines>
            </method>
            <method name="(anonymous_4)" hits="0" signature="()V">
              <lines>
                <line number="60" hits="0"/>
              </lines>
            </method>
            <method name="(anonymous_5)" hits="0" signature="()V">
              <lines>
                <line number="61" hits="0"/>
              </lines>
            </method>
            <method name="(anonymous_6)" hits="0" signature="()V">
              <lines>
                <line number="66" hits="0"/>
              </lines>
            </method>
            <method name="(anonymous_7)" hits="0" signature="()V">
              <lines>
                <line number="96" hits="0"/>
              </lines>
            </method>
            <method name="checkValidServiceWorker" hits="0" signature="()V">
              <lines>
                <line number="101" hits="0"/>
              </lines>
            </method>
            <method name="(anonymous_9)" hits="0" signature="()V">
              <lines>
                <line number="104" hits="0"/>
              </lines>
            </method>
            <method name="(anonymous_10)" hits="0" signature="()V">
              <lines>
                <line number="112" hits="0"/>
              </lines>
            </method>
            <method name="(anonymous_11)" hits="0" signature="()V">
              <lines>
                <line number="113" hits="0"/>
              </lines>
            </method>
            <method name="(anonymous_12)" hits="0" signature="()V">
              <lines>
                <line number="122" hits="0"/>
              </lines>
            </method>
            <method name="unregister" hits="0" signature="()V">
              <lines>
                <line number="129" hits="0"/>
              </lines>
            </method>
            <method name="(anonymous_14)" hits="0" signature="()V">
              <lines>
                <line number="131" hits="0"/>
              </lines>
            </method>
          </methods>
          <lines>
            <line number="13" hits="0" branch="false"/>
            <line number="24" hits="0" branch="true" condition-coverage="0% (0/4)"/>
            <line number="26" hits="0" branch="false"/>
            <line number="27" hits="0" branch="true" condition-coverage="0% (0/2)"/>
            <line number="31" hits="0" branch="false"/>
            <line number="34" hits="0" branch="false"/>
            <line number="35" hits="0" branch="false"/>
            <line number="37" hits="0" branch="true" condition-coverage="0% (0/2)"/>
            <line number="39" hits="0" branch="false"/>
            <line number="43" hits="0" branch="false"/>
            <line number="44" hits="0" branch="false"/>
            <line number="51" hits="0" branch="false"/>
            <line number="58" hits="0" branch="false"/>
            <line number="61" hits="0" branch="false"/>
            <line number="62" hits="0" branch="false"/>
            <line number="63" hits="0" branch="true" condition-coverage="0% (0/2)"/>
            <line number="64" hits="0" branch="false"/>
            <line number="66" hits="0" branch="false"/>
            <line number="67" hits="0" branch="true" condition-coverage="0% (0/2)"/>
            <line number="68" hits="0" branch="true" condition-coverage="0% (0/2)"/>
            <line number="72" hits="0" branch="false"/>
            <line number="78" hits="0" branch="true" condition-coverage="0% (0/4)"/>
            <line number="79" hits="0" branch="false"/>
            <line number="85" hits="0" branch="false"/>
            <line number="88" hits="0" branch="true" condition-coverage="0% (0/4)"/>
            <line number="89" hits="0" branch="false"/>
            <line number="97" hits="0" branch="false"/>
            <line number="103" hits="0" branch="false"/>
            <line number="106" hits="0" branch="false"/>
            <line number="107" hits="0" branch="true" condition-coverage="0% (0/2)"/>
            <line number="112" hits="0" branch="false"/>
            <line number="113" hits="0" branch="false"/>
            <line number="114" hits="0" branch="false"/>
            <line number="119" hits="0" branch="false"/>
            <line number="123" hits="0" branch="false"/>
            <line number="130" hits="0" branch="true" condition-coverage="0% (0/2)"/>
            <line number="131" hits="0" branch="false"/>
            <line number="132" hits="0" branch="false"/>
          </lines>
        </class>
      </classes>
    </package>
    <package name="src.AppRoot" line-rate="1" branch-rate="1">
      <classes>
        <class name="App.js" filename="src\AppRoot\App.js" line-rate="1" branch-rate="1">
          <methods>
            <method name="(anonymous_0)" hits="25" signature="()V">
              <lines>
                <line number="10" hits="25"/>
              </lines>
            </method>
            <method name="(anonymous_1)" hits="2" signature="()V">
              <lines>
                <line number="18" hits="2"/>
              </lines>
            </method>
            <method name="(anonymous_2)" hits="2" signature="()V">
              <lines>
                <line number="21" hits="2"/>
              </lines>
            </method>
            <method name="(anonymous_3)" hits="10" signature="()V">
              <lines>
                <line number="22" hits="10"/>
              </lines>
            </method>
          </methods>
          <lines>
            <line number="10" hits="3" branch="false"/>
            <line number="11" hits="25" branch="false"/>
            <line number="13" hits="25" branch="false"/>
            <line number="18" hits="2" branch="false"/>
            <line number="21" hits="2" branch="false"/>
            <line number="22" hits="10" branch="false"/>
          </lines>
        </class>
      </classes>
    </package>
    <package name="src.app" line-rate="0.875" branch-rate="0.8332999999999999">
      <classes>
        <class name="store.js" filename="src\app\store.js" line-rate="0.875" branch-rate="0.8332999999999999">
          <methods>
            <method name="(anonymous_0)" hits="19" signature="()V">
              <lines>
                <line number="26" hits="19"/>
              </lines>
            </method>
            <method name="(anonymous_1)" hits="19" signature="()V">
              <lines>
                <line number="46" hits="19"/>
              </lines>
            </method>
            <method name="(anonymous_2)" hits="275" signature="()V">
              <lines>
                <line number="51" hits="275"/>
              </lines>
            </method>
            <method name="(anonymous_3)" hits="14" signature="()V">
              <lines>
                <line number="66" hits="14"/>
              </lines>
            </method>
          </methods>
          <lines>
            <line number="13" hits="19" branch="false"/>
            <line number="14" hits="19" branch="false"/>
            <line number="16" hits="19" branch="false"/>
            <line number="26" hits="19" branch="false"/>
            <line number="27" hits="19" branch="true" condition-coverage="50% (1/2)"/>
            <line number="28" hits="0" branch="false"/>
            <line number="29" hits="0" branch="false"/>
            <line number="31" hits="0" branch="false"/>
            <line number="34" hits="19" branch="false"/>
            <line number="37" hits="19" branch="false"/>
            <line number="42" hits="19" branch="false"/>
            <line number="46" hits="19" branch="false"/>
            <line number="47" hits="19" branch="false"/>
            <line number="48" hits="19" branch="false"/>
            <line number="50" hits="19" branch="false"/>
            <line number="51" hits="19" branch="false"/>
            <line number="52" hits="275" branch="true" condition-coverage="100% (2/2)"/>
            <line number="53" hits="55" branch="false"/>
            <line number="56" hits="220" branch="false"/>
            <line number="59" hits="19" branch="false"/>
            <line number="65" hits="19" branch="true" condition-coverage="100% (2/2)"/>
            <line number="66" hits="14" branch="false"/>
            <line number="67" hits="14" branch="false"/>
            <line number="71" hits="19" branch="false"/>
          </lines>
        </class>
      </classes>
    </package>
    <package name="src.app.sagas" line-rate="0.8261" branch-rate="0.629">
      <classes>
        <class name="acceptRequest.js" filename="src\app\sagas\acceptRequest.js" line-rate="0.8889" branch-rate="0.75">
          <methods>
            <method name="acceptRequest" hits="6" signature="()V">
              <lines>
                <line number="10" hits="6"/>
              </lines>
            </method>
          </methods>
          <lines>
            <line number="11" hits="6" branch="false"/>
            <line number="18" hits="6" branch="true" condition-coverage="100% (2/2)"/>
            <line number="19" hits="5" branch="false"/>
            <line number="21" hits="5" branch="false"/>
            <line number="22" hits="5" branch="false"/>
            <line number="24" hits="1" branch="false"/>
            <line number="25" hits="1" branch="true" condition-coverage="50% (1/2)"/>
            <line number="26" hits="0" branch="false"/>
            <line number="29" hits="1" branch="false"/>
          </lines>
        </class>
        <class name="allRequests.js" filename="src\app\sagas\allRequests.js" line-rate="0.8095" branch-rate="0.625">
          <methods>
            <method name="getRequests" hits="11" signature="()V">
              <lines>
                <line number="10" hits="11"/>
              </lines>
            </method>
            <method name="(anonymous_1)" hits="11" signature="()V">
              <lines>
                <line number="41" hits="11"/>
              </lines>
            </method>
          </methods>
          <lines>
            <line number="11" hits="11" branch="false"/>
            <line number="12" hits="11" branch="true" condition-coverage="100% (2/2)"/>
            <line number="14" hits="11" branch="false"/>
            <line number="20" hits="11" branch="true" condition-coverage="50% (1/2)"/>
            <line number="21" hits="11" branch="false"/>
            <line number="23" hits="11" branch="false"/>
            <line number="24" hits="11" branch="false"/>
            <line number="25" hits="11" branch="false"/>
            <line number="27" hits="11" branch="false"/>
            <line number="32" hits="0" branch="false"/>
            <line number="33" hits="0" branch="true" condition-coverage="0% (0/2)"/>
            <line number="34" hits="0" branch="false"/>
            <line number="37" hits="0" branch="false"/>
            <line number="41" hits="23" branch="false"/>
            <line number="42" hits="11" branch="false"/>
            <line number="44" hits="11" branch="false"/>
            <line number="45" hits="11" branch="false"/>
            <line number="47" hits="11" branch="true" condition-coverage="100% (2/2)"/>
            <line number="48" hits="3" branch="false"/>
            <line number="49" hits="3" branch="false"/>
            <line number="52" hits="11" branch="false"/>
          </lines>
        </class>
        <class name="chats.js" filename="src\app\sagas\chats.js" line-rate="0.9473999999999999" branch-rate="0.875">
          <methods>
            <method name="getChats" hits="9" signature="()V">
              <lines>
                <line number="9" hits="9"/>
              </lines>
            </method>
            <method name="(anonymous_1)" hits="9" signature="()V">
              <lines>
                <line number="40" hits="9"/>
              </lines>
            </method>
          </methods>
          <lines>
            <line number="10" hits="9" branch="false"/>
            <line number="11" hits="9" branch="true" condition-coverage="100% (2/2)"/>
            <line number="13" hits="9" branch="false"/>
            <line number="19" hits="9" branch="true" condition-coverage="100% (2/2)"/>
            <line number="20" hits="8" branch="false"/>
            <line number="21" hits="8" branch="false"/>
            <line number="22" hits="8" branch="false"/>
            <line number="25" hits="8" branch="false"/>
            <line number="30" hits="1" branch="false"/>
            <line number="31" hits="1" branch="false"/>
            <line number="33" hits="1" branch="true" condition-coverage="50% (1/2)"/>
            <line number="34" hits="0" branch="false"/>
            <line number="40" hits="23" branch="false"/>
            <line number="41" hits="9" branch="false"/>
            <line number="43" hits="9" branch="false"/>
            <line number="45" hits="9" branch="true" condition-coverage="100% (2/2)"/>
            <line number="46" hits="1" branch="false"/>
            <line number="47" hits="1" branch="false"/>
            <line number="50" hits="9" branch="false"/>
          </lines>
        </class>
        <class name="denyRequest.js" filename="src\app\sagas\denyRequest.js" line-rate="0.8571" branch-rate="0.75">
          <methods>
            <method name="denyRequest" hits="2" signature="()V">
              <lines>
                <line number="9" hits="2"/>
              </lines>
            </method>
          </methods>
          <lines>
            <line number="10" hits="2" branch="false"/>
            <line number="17" hits="2" branch="true" condition-coverage="100% (2/2)"/>
            <line number="18" hits="1" branch="false"/>
            <line number="20" hits="1" branch="false"/>
            <line number="21" hits="1" branch="true" condition-coverage="50% (1/2)"/>
            <line number="22" hits="0" branch="false"/>
            <line number="25" hits="1" branch="false"/>
          </lines>
        </class>
        <class name="index.js" filename="src\app\sagas\index.js" line-rate="0.3333" branch-rate="0">
          <methods>
            <method name="indexSaga" hits="19" signature="()V">
              <lines>
                <line number="13" hits="19"/>
              </lines>
            </method>
            <method name="wrapper" hits="161" signature="()V">
              <lines>
                <line number="17" hits="161"/>
              </lines>
            </method>
            <method name="fetch" hits="53" signature="()V">
              <lines>
                <line number="18" hits="53"/>
              </lines>
            </method>
            <method name="(anonymous_3)" hits="0" signature="()V">
              <lines>
                <line number="23" hits="0"/>
              </lines>
            </method>
          </methods>
          <lines>
            <line number="14" hits="19" branch="false"/>
            <line number="18" hits="161" branch="false"/>
            <line number="19" hits="53" branch="false"/>
            <line number="20" hits="53" branch="false"/>
            <line number="22" hits="0" branch="true" condition-coverage="0% (0/2)"/>
            <line number="23" hits="0" branch="false"/>
            <line number="24" hits="0" branch="false"/>
            <line number="27" hits="0" branch="true" condition-coverage="0% (0/2)"/>
            <line number="28" hits="0" branch="false"/>
            <line number="31" hits="0" branch="true" condition-coverage="0% (0/4)"/>
            <line number="32" hits="0" branch="false"/>
            <line number="35" hits="0" branch="false"/>
          </lines>
        </class>
        <class name="login.js" filename="src\app\sagas\login.js" line-rate="1" branch-rate="1">
          <methods>
            <method name="login" hits="4" signature="()V">
              <lines>
                <line number="9" hits="4"/>
              </lines>
            </method>
          </methods>
          <lines>
            <line number="10" hits="4" branch="false"/>
            <line number="18" hits="4" branch="false"/>
            <line number="20" hits="4" branch="true" condition-coverage="100% (2/2)"/>
            <line number="21" hits="2" branch="false"/>
            <line number="23" hits="2" branch="false"/>
            <line number="24" hits="2" branch="false"/>
            <line number="25" hits="2" branch="false"/>
            <line number="27" hits="2" branch="false"/>
          </lines>
        </class>
        <class name="register.js" filename="src\app\sagas\register.js" line-rate="1" branch-rate="1">
          <methods>
            <method name="register" hits="5" signature="()V">
              <lines>
                <line number="8" hits="5"/>
              </lines>
            </method>
          </methods>
          <lines>
            <line number="9" hits="5" branch="false"/>
            <line number="17" hits="5" branch="false"/>
            <line number="18" hits="5" branch="true" condition-coverage="100% (2/2)"/>
            <line number="19" hits="2" branch="false"/>
            <line number="21" hits="2" branch="false"/>
            <line number="22" hits="2" branch="false"/>
            <line number="23" hits="2" branch="false"/>
            <line number="25" hits="3" branch="false"/>
          </lines>
        </class>
        <class name="sendRequest.js" filename="src\app\sagas\sendRequest.js" line-rate="0.9" branch-rate="0.8332999999999999">
          <methods>
            <method name="sendRequest" hits="4" signature="()V">
              <lines>
                <line number="10" hits="4"/>
              </lines>
            </method>
          </methods>
          <lines>
            <line number="11" hits="4" branch="false"/>
            <line number="18" hits="4" branch="true" condition-coverage="100% (2/2)"/>
            <line number="19" hits="3" branch="false"/>
            <line number="20" hits="3" branch="true" condition-coverage="100% (2/2)"/>
            <line number="21" hits="1" branch="false"/>
            <line number="24" hits="3" branch="false"/>
            <line number="26" hits="1" branch="false"/>
            <line number="27" hits="1" branch="true" condition-coverage="50% (1/2)"/>
            <line number="28" hits="0" branch="false"/>
            <line number="31" hits="1" branch="false"/>
          </lines>
        </class>
        <class name="userChats.js" filename="src\app\sagas\userChats.js" line-rate="0.8181999999999999" branch-rate="0.6">
          <methods>
            <method name="getUserChats" hits="19" signature="()V">
              <lines>
                <line number="10" hits="19"/>
              </lines>
            </method>
            <method name="(anonymous_1)" hits="19" signature="()V">
              <lines>
                <line number="42" hits="19"/>
              </lines>
            </method>
          </methods>
          <lines>
            <line number="11" hits="19" branch="false"/>
            <line number="12" hits="19" branch="true" condition-coverage="100% (2/2)"/>
            <line number="13" hits="19" branch="true" condition-coverage="50% (1/2)"/>
            <line number="15" hits="19" branch="false"/>
            <line number="21" hits="19" branch="true" condition-coverage="50% (1/2)"/>
            <line number="22" hits="19" branch="false"/>
            <line number="24" hits="19" branch="false"/>
            <line number="25" hits="19" branch="false"/>
            <line number="26" hits="19" branch="false"/>
            <line number="28" hits="19" branch="false"/>
            <line number="33" hits="0" branch="false"/>
            <line number="34" hits="0" branch="false"/>
            <line number="36" hits="0" branch="true" condition-coverage="0% (0/2)"/>
            <line number="37" hits="0" branch="false"/>
            <line number="42" hits="23" branch="false"/>
            <line number="43" hits="19" branch="false"/>
            <line number="45" hits="19" branch="false"/>
            <line number="46" hits="19" branch="false"/>
            <line number="48" hits="19" branch="true" condition-coverage="100% (2/2)"/>
            <line number="49" hits="5" branch="false"/>
            <line number="50" hits="5" branch="false"/>
            <line number="53" hits="19" branch="false"/>
          </lines>
        </class>
        <class name="users.js" filename="src\app\sagas\users.js" line-rate="0.8181999999999999" branch-rate="0.6">
          <methods>
            <method name="getUsers" hits="13" signature="()V">
              <lines>
                <line number="10" hits="13"/>
              </lines>
            </method>
            <method name="(anonymous_1)" hits="13" signature="()V">
              <lines>
                <line number="43" hits="13"/>
              </lines>
            </method>
          </methods>
          <lines>
            <line number="11" hits="13" branch="false"/>
            <line number="12" hits="13" branch="true" condition-coverage="100% (2/2)"/>
            <line number="13" hits="13" branch="true" condition-coverage="50% (1/2)"/>
            <line number="15" hits="13" branch="false"/>
            <line number="21" hits="13" branch="true" condition-coverage="50% (1/2)"/>
            <line number="22" hits="13" branch="false"/>
            <line number="24" hits="13" branch="false"/>
            <line number="25" hits="13" branch="false"/>
            <line number="26" hits="13" branch="false"/>
            <line number="28" hits="13" branch="false"/>
            <line number="33" hits="0" branch="false"/>
            <line number="34" hits="0" branch="false"/>
            <line number="36" hits="0" branch="true" condition-coverage="0% (0/2)"/>
            <line number="37" hits="0" branch="false"/>
            <line number="43" hits="23" branch="false"/>
            <line number="44" hits="13" branch="false"/>
            <line number="46" hits="13" branch="false"/>
            <line number="47" hits="13" branch="false"/>
            <line number="49" hits="13" branch="true" condition-coverage="100% (2/2)"/>
            <line number="50" hits="4" branch="false"/>
            <line number="51" hits="4" branch="false"/>
            <line number="54" hits="13" branch="false"/>
          </lines>
        </class>
      </classes>
    </package>
    <package name="src.app.slices" line-rate="1" branch-rate="0.6429">
      <classes>
        <class name="allRequestsSlice.js" filename="src\app\slices\allRequestsSlice.js" line-rate="1" branch-rate="0.5">
          <methods>
            <method name="(anonymous_0)" hits="12" signature="()V">
              <lines>
                <line number="24" hits="12"/>
              </lines>
            </method>
            <method name="(anonymous_1)" hits="12" signature="()V">
              <lines>
                <line number="28" hits="12"/>
              </lines>
            </method>
            <method name="(anonymous_2)" hits="1" signature="()V">
              <lines>
                <line number="39" hits="1"/>
              </lines>
            </method>
            <method name="(anonymous_3)" hits="2" signature="()V">
              <lines>
                <line number="43" hits="2"/>
              </lines>
            </method>
            <method name="(anonymous_4)" hits="3" signature="()V">
              <lines>
                <line number="47" hits="3"/>
              </lines>
            </method>
            <method name="(anonymous_5)" hits="0" signature="()V">
              <lines>
                <line number="59" hits="0"/>
              </lines>
            </method>
            <method name="(anonymous_6)" hits="75" signature="()V">
              <lines>
                <line number="60" hits="75"/>
              </lines>
            </method>
            <method name="(anonymous_7)" hits="101" signature="()V">
              <lines>
                <line number="61" hits="101"/>
              </lines>
            </method>
            <method name="(anonymous_8)" hits="11" signature="()V">
              <lines>
                <line number="62" hits="11"/>
              </lines>
            </method>
            <method name="(anonymous_9)" hits="98" signature="()V">
              <lines>
                <line number="63" hits="98"/>
              </lines>
            </method>
          </methods>
          <lines>
            <line number="3" hits="29" branch="false"/>
            <line number="20" hits="29" branch="false"/>
            <line number="25" hits="12" branch="false"/>
            <line number="26" hits="12" branch="false"/>
            <line number="29" hits="12" branch="false"/>
            <line number="30" hits="12" branch="false"/>
            <line number="31" hits="12" branch="false"/>
            <line number="32" hits="12" branch="false"/>
            <line number="33" hits="12" branch="false"/>
            <line number="34" hits="12" branch="false"/>
            <line number="35" hits="12" branch="true" condition-coverage="50% (1/2)"/>
            <line number="36" hits="12" branch="false"/>
            <line number="37" hits="12" branch="false"/>
            <line number="40" hits="1" branch="false"/>
            <line number="41" hits="1" branch="false"/>
            <line number="44" hits="2" branch="false"/>
            <line number="45" hits="2" branch="false"/>
            <line number="48" hits="3" branch="false"/>
            <line number="49" hits="3" branch="false"/>
            <line number="50" hits="3" branch="false"/>
            <line number="51" hits="3" branch="false"/>
            <line number="56" hits="29" branch="false"/>
            <line number="59" hits="29" branch="false"/>
            <line number="60" hits="75" branch="false"/>
            <line number="61" hits="101" branch="false"/>
            <line number="62" hits="29" branch="false"/>
            <line number="63" hits="98" branch="false"/>
          </lines>
        </class>
        <class name="authenticateSlice.js" filename="src\app\slices\authenticateSlice.js" line-rate="1" branch-rate="0.5">
          <methods>
            <method name="(anonymous_0)" hits="3" signature="()V">
              <lines>
                <line number="24" hits="3"/>
              </lines>
            </method>
            <method name="(anonymous_1)" hits="4" signature="()V">
              <lines>
                <line number="28" hits="4"/>
              </lines>
            </method>
            <method name="(anonymous_2)" hits="3" signature="()V">
              <lines>
                <line number="32" hits="3"/>
              </lines>
            </method>
            <method name="(anonymous_3)" hits="3" signature="()V">
              <lines>
                <line number="38" hits="3"/>
              </lines>
            </method>
            <method name="(anonymous_4)" hits="3" signature="()V">
              <lines>
                <line number="42" hits="3"/>
              </lines>
            </method>
            <method name="(anonymous_5)" hits="4" signature="()V">
              <lines>
                <line number="48" hits="4"/>
              </lines>
            </method>
            <method name="(anonymous_6)" hits="5" signature="()V">
              <lines>
                <line number="52" hits="5"/>
              </lines>
            </method>
            <method name="(anonymous_7)" hits="11" signature="()V">
              <lines>
                <line number="63" hits="11"/>
              </lines>
            </method>
            <method name="(anonymous_8)" hits="21" signature="()V">
              <lines>
                <line number="64" hits="21"/>
              </lines>
            </method>
            <method name="(anonymous_9)" hits="0" signature="()V">
              <lines>
                <line number="65" hits="0"/>
              </lines>
            </method>
            <method name="(anonymous_10)" hits="23" signature="()V">
              <lines>
                <line number="66" hits="23"/>
              </lines>
            </method>
          </methods>
          <lines>
            <line number="3" hits="33" branch="true" condition-coverage="50% (1/2)"/>
            <line number="7" hits="33" branch="false"/>
            <line number="20" hits="33" branch="false"/>
            <line number="25" hits="3" branch="false"/>
            <line number="26" hits="3" branch="false"/>
            <line number="29" hits="4" branch="false"/>
            <line number="30" hits="4" branch="false"/>
            <line number="33" hits="3" branch="false"/>
            <line number="34" hits="3" branch="false"/>
            <line number="35" hits="3" branch="false"/>
            <line number="36" hits="3" branch="false"/>
            <line number="39" hits="3" branch="false"/>
            <line number="40" hits="3" branch="false"/>
            <line number="43" hits="3" branch="false"/>
            <line number="44" hits="3" branch="false"/>
            <line number="45" hits="3" branch="false"/>
            <line number="46" hits="3" branch="false"/>
            <line number="49" hits="4" branch="false"/>
            <line number="50" hits="4" branch="false"/>
            <line number="53" hits="5" branch="false"/>
            <line number="54" hits="5" branch="false"/>
            <line number="55" hits="5" branch="false"/>
            <line number="60" hits="33" branch="false"/>
            <line number="63" hits="33" branch="false"/>
            <line number="64" hits="33" branch="false"/>
            <line number="65" hits="33" branch="false"/>
            <line number="66" hits="33" branch="false"/>
          </lines>
        </class>
        <class name="chatsSlice.js" filename="src\app\slices\chatsSlice.js" line-rate="1" branch-rate="1">
          <methods>
            <method name="(anonymous_0)" hits="7" signature="()V">
              <lines>
                <line number="22" hits="7"/>
              </lines>
            </method>
            <method name="(anonymous_1)" hits="10" signature="()V">
              <lines>
                <line number="26" hits="10"/>
              </lines>
            </method>
            <method name="(anonymous_2)" hits="2" signature="()V">
              <lines>
                <line number="34" hits="2"/>
              </lines>
            </method>
            <method name="(anonymous_3)" hits="4" signature="()V">
              <lines>
                <line number="38" hits="4"/>
              </lines>
            </method>
            <method name="(anonymous_4)" hits="5" signature="()V">
              <lines>
                <line number="41" hits="5"/>
              </lines>
            </method>
            <method name="(anonymous_5)" hits="3" signature="()V">
              <lines>
                <line number="44" hits="3"/>
              </lines>
            </method>
            <method name="(anonymous_6)" hits="80" signature="()V">
              <lines>
                <line number="56" hits="80"/>
              </lines>
            </method>
            <method name="(anonymous_7)" hits="0" signature="()V">
              <lines>
                <line number="57" hits="0"/>
              </lines>
            </method>
            <method name="(anonymous_8)" hits="39" signature="()V">
              <lines>
                <line number="58" hits="39"/>
              </lines>
            </method>
            <method name="(anonymous_9)" hits="5" signature="()V">
              <lines>
                <line number="59" hits="5"/>
              </lines>
            </method>
            <method name="(anonymous_10)" hits="0" signature="()V">
              <lines>
                <line number="60" hits="0"/>
              </lines>
            </method>
          </methods>
          <lines>
            <line number="3" hits="45" branch="false"/>
            <line number="18" hits="45" branch="false"/>
            <line number="23" hits="7" branch="false"/>
            <line number="24" hits="7" branch="false"/>
            <line number="27" hits="10" branch="false"/>
            <line number="28" hits="10" branch="false"/>
            <line number="29" hits="10" branch="false"/>
            <line number="30" hits="10" branch="false"/>
            <line number="31" hits="10" branch="false"/>
            <line number="32" hits="10" branch="false"/>
            <line number="35" hits="2" branch="false"/>
            <line number="36" hits="2" branch="false"/>
            <line number="39" hits="4" branch="false"/>
            <line number="42" hits="5" branch="false"/>
            <line number="45" hits="3" branch="false"/>
            <line number="46" hits="3" branch="false"/>
            <line number="47" hits="3" branch="false"/>
            <line number="48" hits="3" branch="false"/>
            <line number="53" hits="45" branch="false"/>
            <line number="56" hits="80" branch="false"/>
            <line number="57" hits="45" branch="false"/>
            <line number="58" hits="45" branch="false"/>
            <line number="59" hits="45" branch="false"/>
            <line number="60" hits="45" branch="false"/>
          </lines>
        </class>
        <class name="requestsSlice.js" filename="src\app\slices\requestsSlice.js" line-rate="1" branch-rate="0.5">
          <methods>
            <method name="(anonymous_0)" hits="2" signature="()V">
              <lines>
                <line number="11" hits="2"/>
              </lines>
            </method>
            <method name="(anonymous_1)" hits="5" signature="()V">
              <lines>
                <line number="17" hits="5"/>
              </lines>
            </method>
            <method name="(anonymous_2)" hits="1" signature="()V">
              <lines>
                <line number="23" hits="1"/>
              </lines>
            </method>
            <method name="(anonymous_3)" hits="10" signature="()V">
              <lines>
                <line number="29" hits="10"/>
              </lines>
            </method>
            <method name="(anonymous_4)" hits="4" signature="()V">
              <lines>
                <line number="37" hits="4"/>
              </lines>
            </method>
            <method name="(anonymous_5)" hits="39" signature="()V">
              <lines>
                <line number="45" hits="39"/>
              </lines>
            </method>
          </methods>
          <lines>
            <line number="3" hits="35" branch="false"/>
            <line number="7" hits="35" branch="false"/>
            <line number="12" hits="2" branch="true" condition-coverage="50% (1/2)"/>
            <line number="14" hits="2" branch="false"/>
            <line number="15" hits="2" branch="false"/>
            <line number="18" hits="5" branch="true" condition-coverage="50% (1/2)"/>
            <line number="20" hits="5" branch="false"/>
            <line number="21" hits="5" branch="false"/>
            <line number="24" hits="1" branch="true" condition-coverage="50% (1/2)"/>
            <line number="26" hits="1" branch="false"/>
            <line number="27" hits="1" branch="false"/>
            <line number="30" hits="10" branch="false"/>
            <line number="32" hits="10" branch="false"/>
            <line number="33" hits="10" branch="false"/>
            <line number="34" hits="10" branch="false"/>
            <line number="35" hits="10" branch="false"/>
            <line number="38" hits="4" branch="false"/>
            <line number="40" hits="4" branch="false"/>
            <line number="41" hits="4" branch="false"/>
            <line number="42" hits="4" branch="false"/>
            <line number="43" hits="4" branch="false"/>
            <line number="46" hits="39" branch="false"/>
            <line number="51" hits="35" branch="false"/>
          </lines>
        </class>
        <class name="stylesSlice.js" filename="src\app\slices\stylesSlice.js" line-rate="1" branch-rate="1">
          <methods>
            <method name="(anonymous_0)" hits="3" signature="()V">
              <lines>
                <line number="12" hits="3"/>
              </lines>
            </method>
            <method name="(anonymous_1)" hits="2" signature="()V">
              <lines>
                <line number="15" hits="2"/>
              </lines>
            </method>
            <method name="(anonymous_2)" hits="1" signature="()V">
              <lines>
                <line number="18" hits="1"/>
              </lines>
            </method>
            <method name="(anonymous_3)" hits="8" signature="()V">
              <lines>
                <line number="28" hits="8"/>
              </lines>
            </method>
            <method name="(anonymous_4)" hits="65" signature="()V">
              <lines>
                <line number="29" hits="65"/>
              </lines>
            </method>
            <method name="(anonymous_5)" hits="755" signature="()V">
              <lines>
                <line number="30" hits="755"/>
              </lines>
            </method>
          </methods>
          <lines>
            <line number="3" hits="32" branch="false"/>
            <line number="8" hits="32" branch="false"/>
            <line number="13" hits="3" branch="false"/>
            <line number="16" hits="2" branch="false"/>
            <line number="19" hits="1" branch="false"/>
            <line number="20" hits="1" branch="false"/>
            <line number="25" hits="32" branch="false"/>
            <line number="28" hits="32" branch="false"/>
            <line number="29" hits="65" branch="false"/>
            <line number="30" hits="755" branch="false"/>
          </lines>
        </class>
        <class name="userChatsSlice.js" filename="src\app\slices\userChatsSlice.js" line-rate="1" branch-rate="1">
          <methods>
            <method name="(anonymous_0)" hits="20" signature="()V">
              <lines>
                <line number="25" hits="20"/>
              </lines>
            </method>
            <method name="(anonymous_1)" hits="20" signature="()V">
              <lines>
                <line number="29" hits="20"/>
              </lines>
            </method>
            <method name="(anonymous_2)" hits="1" signature="()V">
              <lines>
                <line number="40" hits="1"/>
              </lines>
            </method>
            <method name="(anonymous_3)" hits="5" signature="()V">
              <lines>
                <line number="44" hits="5"/>
              </lines>
            </method>
            <method name="(anonymous_4)" hits="13" signature="()V">
              <lines>
                <line number="48" hits="13"/>
              </lines>
            </method>
            <method name="(anonymous_5)" hits="0" signature="()V">
              <lines>
                <line number="60" hits="0"/>
              </lines>
            </method>
            <method name="(anonymous_6)" hits="189" signature="()V">
              <lines>
                <line number="61" hits="189"/>
              </lines>
            </method>
            <method name="(anonymous_7)" hits="194" signature="()V">
              <lines>
                <line number="62" hits="194"/>
              </lines>
            </method>
            <method name="(anonymous_8)" hits="19" signature="()V">
              <lines>
                <line number="63" hits="19"/>
              </lines>
            </method>
            <method name="(anonymous_9)" hits="146" signature="()V">
              <lines>
                <line number="64" hits="146"/>
              </lines>
            </method>
            <method name="(anonymous_10)" hits="0" signature="()V">
              <lines>
                <line number="65" hits="0"/>
              </lines>
            </method>
          </methods>
          <lines>
            <line number="3" hits="31" branch="false"/>
            <line number="21" hits="31" branch="false"/>
            <line number="26" hits="20" branch="false"/>
            <line number="27" hits="20" branch="false"/>
            <line number="30" hits="20" branch="false"/>
            <line number="31" hits="20" branch="false"/>
            <line number="32" hits="20" branch="false"/>
            <line number="33" hits="20" branch="false"/>
            <line number="34" hits="20" branch="false"/>
            <line number="35" hits="20" branch="false"/>
            <line number="36" hits="20" branch="true" condition-coverage="100% (2/2)"/>
            <line number="37" hits="20" branch="false"/>
            <line number="38" hits="20" branch="false"/>
            <line number="41" hits="1" branch="false"/>
            <line number="42" hits="1" branch="false"/>
            <line number="45" hits="5" branch="false"/>
            <line number="46" hits="5" branch="false"/>
            <line number="49" hits="13" branch="false"/>
            <line number="50" hits="13" branch="false"/>
            <line number="51" hits="13" branch="false"/>
            <line number="52" hits="13" branch="false"/>
            <line number="57" hits="31" branch="false"/>
            <line number="60" hits="31" branch="false"/>
            <line number="61" hits="189" branch="false"/>
            <line number="62" hits="194" branch="false"/>
            <line number="63" hits="31" branch="false"/>
            <line number="64" hits="146" branch="false"/>
            <line number="65" hits="31" branch="false"/>
          </lines>
        </class>
        <class name="usersSlice.js" filename="src\app\slices\usersSlice.js" line-rate="1" branch-rate="1">
          <methods>
            <method name="(anonymous_0)" hits="14" signature="()V">
              <lines>
                <line number="25" hits="14"/>
              </lines>
            </method>
            <method name="(anonymous_1)" hits="14" signature="()V">
              <lines>
                <line number="29" hits="14"/>
              </lines>
            </method>
            <method name="(anonymous_2)" hits="1" signature="()V">
              <lines>
                <line number="40" hits="1"/>
              </lines>
            </method>
            <method name="(anonymous_3)" hits="4" signature="()V">
              <lines>
                <line number="44" hits="4"/>
              </lines>
            </method>
            <method name="(anonymous_4)" hits="11" signature="()V">
              <lines>
                <line number="48" hits="11"/>
              </lines>
            </method>
            <method name="(anonymous_5)" hits="0" signature="()V">
              <lines>
                <line number="60" hits="0"/>
              </lines>
            </method>
            <method name="(anonymous_6)" hits="381" signature="()V">
              <lines>
                <line number="61" hits="381"/>
              </lines>
            </method>
            <method name="(anonymous_7)" hits="425" signature="()V">
              <lines>
                <line number="62" hits="425"/>
              </lines>
            </method>
            <method name="(anonymous_8)" hits="427" signature="()V">
              <lines>
                <line number="63" hits="427"/>
              </lines>
            </method>
            <method name="(anonymous_9)" hits="421" signature="()V">
              <lines>
                <line number="64" hits="421"/>
              </lines>
            </method>
            <method name="(anonymous_10)" hits="0" signature="()V">
              <lines>
                <line number="65" hits="0"/>
              </lines>
            </method>
          </methods>
          <lines>
            <line number="3" hits="30" branch="false"/>
            <line number="21" hits="30" branch="false"/>
            <line number="26" hits="14" branch="false"/>
            <line number="27" hits="14" branch="false"/>
            <line number="30" hits="14" branch="false"/>
            <line number="31" hits="14" branch="false"/>
            <line number="32" hits="14" branch="false"/>
            <line number="33" hits="14" branch="false"/>
            <line number="34" hits="14" branch="false"/>
            <line number="35" hits="14" branch="false"/>
            <line number="36" hits="14" branch="true" condition-coverage="100% (2/2)"/>
            <line number="37" hits="14" branch="false"/>
            <line number="38" hits="14" branch="false"/>
            <line number="41" hits="1" branch="false"/>
            <line number="42" hits="1" branch="false"/>
            <line number="45" hits="4" branch="false"/>
            <line number="46" hits="4" branch="false"/>
            <line number="49" hits="11" branch="false"/>
            <line number="50" hits="11" branch="false"/>
            <line number="51" hits="11" branch="false"/>
            <line number="52" hits="11" branch="false"/>
            <line number="57" hits="30" branch="false"/>
            <line number="60" hits="30" branch="false"/>
            <line number="61" hits="381" branch="false"/>
            <line number="62" hits="425" branch="false"/>
            <line number="63" hits="427" branch="false"/>
            <line number="64" hits="421" branch="false"/>
            <line number="65" hits="30" branch="false"/>
          </lines>
        </class>
      </classes>
    </package>
    <package name="src.components" line-rate="1" branch-rate="1">
      <classes>
        <class name="InputWithError.js" filename="src\components\InputWithError.js" line-rate="1" branch-rate="1">
          <methods>
            <method name="(anonymous_0)" hits="120" signature="()V">
              <lines>
                <line number="3" hits="120"/>
              </lines>
            </method>
            <method name="(anonymous_1)" hits="196" signature="()V">
              <lines>
                <line number="16" hits="196"/>
              </lines>
            </method>
          </methods>
          <lines>
            <line number="3" hits="4" branch="true" condition-coverage="100% (1/1)"/>
            <line number="4" hits="120" branch="false"/>
            <line number="16" hits="196" branch="false"/>
          </lines>
        </class>
      </classes>
    </package>
    <package name="src.components.Chat" line-rate="1" branch-rate="1">
      <classes>
        <class name="Chat.js" filename="src\components\Chat\Chat.js" line-rate="1" branch-rate="1">
          <methods>
            <method name="(anonymous_0)" hits="22" signature="()V">
              <lines>
                <line number="10" hits="22"/>
              </lines>
            </method>
            <method name="(anonymous_1)" hits="3" signature="()V">
              <lines>
                <line number="15" hits="3"/>
              </lines>
            </method>
            <method name="(anonymous_2)" hits="1" signature="()V">
              <lines>
                <line number="20" hits="1"/>
              </lines>
            </method>
          </methods>
          <lines>
            <line number="10" hits="9" branch="false"/>
            <line number="11" hits="22" branch="false"/>
            <line number="12" hits="22" branch="false"/>
            <line number="13" hits="22" branch="false"/>
            <line number="15" hits="22" branch="false"/>
            <line number="16" hits="3" branch="false"/>
            <line number="17" hits="3" branch="false"/>
            <line number="20" hits="22" branch="false"/>
            <line number="21" hits="1" branch="false"/>
            <line number="22" hits="1" branch="false"/>
            <line number="25" hits="22" branch="false"/>
          </lines>
        </class>
        <class name="ChatStyles.js" filename="src\components\Chat\ChatStyles.js" line-rate="1" branch-rate="1">
          <methods>
            <method name="(anonymous_0)" hits="21" signature="()V">
              <lines>
                <line number="71" hits="21"/>
              </lines>
            </method>
          </methods>
          <lines>
            <line number="3" hits="33" branch="false"/>
            <line number="14" hits="33" branch="false"/>
            <line number="31" hits="33" branch="false"/>
            <line number="49" hits="33" branch="false"/>
            <line number="56" hits="33" branch="false"/>
            <line number="71" hits="21" branch="true" condition-coverage="100% (2/2)"/>
            <line number="75" hits="33" branch="false"/>
          </lines>
        </class>
      </classes>
    </package>
    <package name="src.components.ChatList" line-rate="1" branch-rate="1">
      <classes>
        <class name="ChatList.js" filename="src\components\ChatList\ChatList.js" line-rate="1" branch-rate="1">
          <methods>
            <method name="(anonymous_0)" hits="35" signature="()V">
              <lines>
                <line number="10" hits="35"/>
              </lines>
            </method>
            <method name="(anonymous_1)" hits="5" signature="()V">
              <lines>
                <line number="15" hits="5"/>
              </lines>
            </method>
            <method name="(anonymous_2)" hits="2" signature="()V">
              <lines>
                <line number="18" hits="2"/>
              </lines>
            </method>
            <method name="(anonymous_3)" hits="36" signature="()V">
              <lines>
                <line number="34" hits="36"/>
              </lines>
            </method>
          </methods>
          <lines>
            <line number="10" hits="6" branch="false"/>
            <line number="11" hits="35" branch="false"/>
            <line number="12" hits="35" branch="false"/>
            <line number="13" hits="35" branch="false"/>
            <line number="15" hits="35" branch="false"/>
            <line number="16" hits="5" branch="false"/>
            <line number="18" hits="5" branch="false"/>
            <line number="21" hits="35" branch="false"/>
            <line number="34" hits="36" branch="false"/>
          </lines>
        </class>
        <class name="ChatListStyle.js" filename="src\components\ChatList\ChatListStyle.js" line-rate="1" branch-rate="1">
          <methods>
          </methods>
          <lines>
            <line number="3" hits="6" branch="false"/>
            <line number="13" hits="6" branch="false"/>
            <line number="27" hits="6" branch="false"/>
            <line number="44" hits="6" branch="false"/>
          </lines>
        </class>
      </classes>
    </package>
    <package name="src.components.ChatView" line-rate="0.125" branch-rate="0">
      <classes>
        <class name="ChatView.js" filename="src\components\ChatView\ChatView.js" line-rate="0.125" branch-rate="0">
          <methods>
            <method name="(anonymous_0)" hits="0" signature="()V">
              <lines>
                <line number="6" hits="0"/>
              </lines>
            </method>
            <method name="(anonymous_1)" hits="0" signature="()V">
              <lines>
                <line number="10" hits="0"/>
              </lines>
            </method>
            <method name="(anonymous_2)" hits="0" signature="()V">
              <lines>
                <line number="22" hits="0"/>
              </lines>
            </method>
          </methods>
          <lines>
            <line number="6" hits="2" branch="false"/>
            <line number="7" hits="0" branch="false"/>
            <line number="10" hits="0" branch="false"/>
            <line number="11" hits="0" branch="false"/>
            <line number="12" hits="0" branch="false"/>
            <line number="13" hits="0" branch="false"/>
            <line number="16" hits="0" branch="false"/>
            <line number="23" hits="0" branch="false"/>
          </lines>
        </class>
      </classes>
    </package>
    <package name="src.components.Form" line-rate="1" branch-rate="1">
      <classes>
        <class name="Form.js" filename="src\components\Form\Form.js" line-rate="1" branch-rate="1">
          <methods>
            <method name="(anonymous_0)" hits="244" signature="()V">
              <lines>
                <line number="7" hits="244"/>
              </lines>
            </method>
            <method name="(anonymous_1)" hits="21" signature="()V">
              <lines>
                <line number="13" hits="21"/>
              </lines>
            </method>
            <method name="(anonymous_2)" hits="16" signature="()V">
              <lines>
                <line number="19" hits="16"/>
              </lines>
            </method>
            <method name="(anonymous_3)" hits="3" signature="()V">
              <lines>
                <line number="20" hits="3"/>
              </lines>
            </method>
          </methods>
          <lines>
            <line number="7" hits="9" branch="false"/>
            <line number="8" hits="244" branch="false"/>
            <line number="9" hits="244" branch="false"/>
            <line number="10" hits="244" branch="false"/>
            <line number="11" hits="244" branch="false"/>
            <line number="13" hits="244" branch="false"/>
            <line number="14" hits="21" branch="false"/>
            <line number="15" hits="21" branch="false"/>
            <line number="16" hits="21" branch="false"/>
            <line number="19" hits="244" branch="false"/>
            <line number="20" hits="16" branch="false"/>
            <line number="23" hits="244" branch="false"/>
          </lines>
        </class>
        <class name="FormStyle.js" filename="src\components\Form\FormStyle.js" line-rate="1" branch-rate="1">
          <methods>
            <method name="(anonymous_0)" hits="238" signature="()V">
              <lines>
                <line number="11" hits="238"/>
              </lines>
            </method>
          </methods>
          <lines>
            <line number="3" hits="9" branch="false"/>
            <line number="11" hits="238" branch="true" condition-coverage="100% (2/2)"/>
            <line number="14" hits="9" branch="false"/>
            <line number="24" hits="9" branch="false"/>
          </lines>
        </class>
      </classes>
    </package>
    <package name="src.components.HeaderScroll" line-rate="1" branch-rate="0.8462000000000001">
      <classes>
        <class name="HeaderScroll.js" filename="src\components\HeaderScroll\HeaderScroll.js" line-rate="1" branch-rate="0.8181999999999999">
          <methods>
            <method name="(anonymous_0)" hits="58" signature="()V">
              <lines>
                <line number="9" hits="58"/>
              </lines>
            </method>
            <method name="(anonymous_1)" hits="22" signature="()V">
              <lines>
                <line number="17" hits="22"/>
              </lines>
            </method>
            <method name="(anonymous_2)" hits="12" signature="()V">
              <lines>
                <line number="23" hits="12"/>
              </lines>
            </method>
            <method name="(anonymous_3)" hits="2" signature="()V">
              <lines>
                <line number="27" hits="2"/>
              </lines>
            </method>
            <method name="(anonymous_4)" hits="24" signature="()V">
              <lines>
                <line number="30" hits="24"/>
              </lines>
            </method>
            <method name="(anonymous_5)" hits="7" signature="()V">
              <lines>
                <line number="39" hits="7"/>
              </lines>
            </method>
            <method name="(anonymous_6)" hits="7" signature="()V">
              <lines>
                <line number="48" hits="7"/>
              </lines>
            </method>
          </methods>
          <lines>
            <line number="9" hits="4" branch="false"/>
            <line number="10" hits="58" branch="false"/>
            <line number="11" hits="58" branch="false"/>
            <line number="12" hits="58" branch="false"/>
            <line number="13" hits="58" branch="false"/>
            <line number="14" hits="58" branch="false"/>
            <line number="15" hits="58" branch="false"/>
            <line number="17" hits="58" branch="false"/>
            <line number="18" hits="22" branch="true" condition-coverage="75% (3/4)"/>
            <line number="19" hits="22" branch="false"/>
            <line number="23" hits="58" branch="false"/>
            <line number="24" hits="12" branch="false"/>
            <line number="25" hits="12" branch="false"/>
            <line number="27" hits="12" branch="false"/>
            <line number="30" hits="58" branch="false"/>
            <line number="31" hits="24" branch="false"/>
            <line number="32" hits="24" branch="false"/>
            <line number="34" hits="24" branch="false"/>
            <line number="36" hits="24" branch="false"/>
            <line number="39" hits="58" branch="false"/>
            <line number="40" hits="7" branch="false"/>
            <line number="41" hits="7" branch="false"/>
            <line number="43" hits="7" branch="true" condition-coverage="50% (1/2)"/>
            <line number="44" hits="7" branch="false"/>
            <line number="48" hits="58" branch="false"/>
            <line number="49" hits="7" branch="true" condition-coverage="100% (5/5)"/>
            <line number="50" hits="2" branch="false"/>
            <line number="54" hits="58" branch="false"/>
          </lines>
        </class>
        <class name="HeaderScrollStyle.js" filename="src\components\HeaderScroll\HeaderScrollStyle.js" line-rate="1" branch-rate="1">
          <methods>
            <method name="(anonymous_0)" hits="48" signature="()V">
              <lines>
                <line number="8" hits="48"/>
              </lines>
            </method>
          </methods>
          <lines>
            <line number="3" hits="4" branch="false"/>
            <line number="8" hits="48" branch="true" condition-coverage="100% (2/2)"/>
            <line number="10" hits="4" branch="false"/>
          </lines>
        </class>
      </classes>
    </package>
    <package name="src.components.LoadingIndicator" line-rate="1" branch-rate="1">
      <classes>
        <class name="LoadingIndicator.js" filename="src\components\LoadingIndicator\LoadingIndicator.js" line-rate="1" branch-rate="1">
          <methods>
            <method name="(anonymous_0)" hits="26" signature="()V">
              <lines>
                <line number="3" hits="26"/>
              </lines>
            </method>
          </methods>
          <lines>
            <line number="3" hits="21" branch="false"/>
            <line number="5" hits="26" branch="false"/>
          </lines>
        </class>
        <class name="LoadingIndicatorStyle.js" filename="src\components\LoadingIndicator\LoadingIndicatorStyle.js" line-rate="1" branch-rate="1">
          <methods>
          </methods>
          <lines>
            <line number="3" hits="21" branch="false"/>
            <line number="15" hits="21" branch="false"/>
            <line number="38" hits="21" branch="false"/>
          </lines>
        </class>
      </classes>
    </package>
    <package name="src.components.Logged" line-rate="0.75" branch-rate="1">
      <classes>
        <class name="Logged.js" filename="src\components\Logged\Logged.js" line-rate="0.5" branch-rate="1">
          <methods>
            <method name="(anonymous_0)" hits="0" signature="()V">
              <lines>
                <line number="6" hits="0"/>
              </lines>
            </method>
          </methods>
          <lines>
            <line number="6" hits="1" branch="false"/>
            <line number="7" hits="0" branch="false"/>
          </lines>
        </class>
        <class name="LoggedStyle.js" filename="src\components\Logged\LoggedStyle.js" line-rate="1" branch-rate="1">
          <methods>
          </methods>
          <lines>
            <line number="3" hits="1" branch="false"/>
            <line number="6" hits="1" branch="false"/>
          </lines>
        </class>
      </classes>
    </package>
    <package name="src.components.Login" line-rate="1" branch-rate="1">
      <classes>
        <class name="Login.js" filename="src\components\Login\Login.js" line-rate="1" branch-rate="1">
          <methods>
            <method name="(anonymous_0)" hits="25" signature="()V">
              <lines>
                <line number="7" hits="25"/>
              </lines>
            </method>
            <method name="(anonymous_1)" hits="3" signature="()V">
              <lines>
                <line number="12" hits="3"/>
              </lines>
            </method>
            <method name="(anonymous_2)" hits="25" signature="()V">
              <lines>
                <line number="31" hits="25"/>
              </lines>
            </method>
          </methods>
          <lines>
            <line number="7" hits="4" branch="false"/>
            <line number="8" hits="25" branch="false"/>
            <line number="9" hits="25" branch="false"/>
            <line number="10" hits="25" branch="false"/>
            <line number="12" hits="25" branch="false"/>
            <line number="13" hits="3" branch="false"/>
            <line number="14" hits="3" branch="false"/>
            <line number="17" hits="25" branch="false"/>
            <line number="31" hits="4" branch="false"/>
            <line number="32" hits="25" branch="false"/>
            <line number="39" hits="25" branch="false"/>
            <line number="45" hits="25" branch="false"/>
          </lines>
        </class>
      </classes>
    </package>
    <package name="src.components.Logout" line-rate="1" branch-rate="1">
      <classes>
        <class name="Logout.js" filename="src\components\Logout\Logout.js" line-rate="1" branch-rate="1">
          <methods>
            <method name="(anonymous_0)" hits="6" signature="()V">
              <lines>
                <line number="6" hits="6"/>
              </lines>
            </method>
            <method name="(anonymous_1)" hits="6" signature="()V">
              <lines>
                <line number="9" hits="6"/>
              </lines>
            </method>
          </methods>
          <lines>
            <line number="6" hits="5" branch="false"/>
            <line number="7" hits="6" branch="false"/>
            <line number="9" hits="6" branch="false"/>
            <line number="10" hits="6" branch="false"/>
            <line number="11" hits="6" branch="false"/>
            <line number="12" hits="6" branch="false"/>
            <line number="15" hits="6" branch="false"/>
          </lines>
        </class>
      </classes>
    </package>
    <package name="src.components.Main" line-rate="1" branch-rate="1">
      <classes>
        <class name="Main.js" filename="src\components\Main\Main.js" line-rate="1" branch-rate="1">
          <methods>
            <method name="(anonymous_0)" hits="7" signature="()V">
              <lines>
                <line number="10" hits="7"/>
              </lines>
            </method>
            <method name="(anonymous_1)" hits="1" signature="()V">
              <lines>
                <line number="16" hits="1"/>
              </lines>
            </method>
            <method name="(anonymous_2)" hits="1" signature="()V">
              <lines>
                <line number="17" hits="1"/>
              </lines>
            </method>
            <method name="(anonymous_3)" hits="1" signature="()V">
              <lines>
                <line number="18" hits="1"/>
              </lines>
            </method>
            <method name="(anonymous_4)" hits="1" signature="()V">
              <lines>
                <line number="19" hits="1"/>
              </lines>
            </method>
            <method name="(anonymous_5)" hits="2" signature="()V">
              <lines>
                <line number="20" hits="2"/>
              </lines>
            </method>
          </methods>
          <lines>
            <line number="10" hits="3" branch="false"/>
            <line number="11" hits="7" branch="false"/>
            <line number="13" hits="7" branch="false"/>
            <line number="16" hits="1" branch="false"/>
            <line number="17" hits="1" branch="false"/>
            <line number="18" hits="1" branch="false"/>
            <line number="19" hits="1" branch="false"/>
            <line number="20" hits="2" branch="false"/>
          </lines>
        </class>
        <class name="MainStyle.js" filename="src\components\Main\MainStyle.js" line-rate="1" branch-rate="1">
          <methods>
          </methods>
          <lines>
            <line number="3" hits="3" branch="false"/>
            <line number="10" hits="3" branch="false"/>
          </lines>
        </class>
      </classes>
    </package>
    <package name="src.components.Menu" line-rate="0.47369999999999995" branch-rate="0.44439999999999996">
      <classes>
        <class name="Menu.js" filename="src\components\Menu\Menu.js" line-rate="0.3333" branch-rate="0">
          <methods>
            <method name="(anonymous_0)" hits="6" signature="()V">
              <lines>
                <line number="5" hits="6"/>
              </lines>
            </method>
            <method name="(anonymous_1)" hits="0" signature="()V">
              <lines>
                <line number="12" hits="0"/>
              </lines>
            </method>
            <method name="(anonymous_2)" hits="0" signature="()V">
              <lines>
                <line number="23" hits="0"/>
              </lines>
            </method>
            <method name="(anonymous_3)" hits="0" signature="()V">
              <lines>
                <line number="26" hits="0"/>
              </lines>
            </method>
            <method name="(anonymous_4)" hits="0" signature="()V">
              <lines>
                <line number="40" hits="0"/>
              </lines>
            </method>
            <method name="(anonymous_5)" hits="2" signature="()V">
              <lines>
                <line number="47" hits="2"/>
              </lines>
            </method>
            <method name="(anonymous_6)" hits="0" signature="()V">
              <lines>
                <line number="50" hits="0"/>
              </lines>
            </method>
          </methods>
          <lines>
            <line number="5" hits="3" branch="false"/>
            <line number="6" hits="6" branch="false"/>
            <line number="7" hits="6" branch="false"/>
            <line number="8" hits="6" branch="false"/>
            <line number="9" hits="6" branch="false"/>
            <line number="10" hits="6" branch="false"/>
            <line number="12" hits="6" branch="false"/>
            <line number="13" hits="0" branch="false"/>
            <line number="14" hits="0" branch="true" condition-coverage="0% (0/4)"/>
            <line number="15" hits="0" branch="false"/>
            <line number="16" hits="0" branch="false"/>
            <line number="17" hits="0" branch="false"/>
            <line number="18" hits="0" branch="false"/>
            <line number="19" hits="0" branch="false"/>
            <line number="23" hits="6" branch="false"/>
            <line number="26" hits="0" branch="false"/>
            <line number="27" hits="0" branch="false"/>
            <line number="28" hits="0" branch="true" condition-coverage="0% (0/2)"/>
            <line number="29" hits="0" branch="false"/>
            <line number="31" hits="0" branch="false"/>
            <line number="32" hits="0" branch="false"/>
            <line number="33" hits="0" branch="false"/>
            <line number="34" hits="0" branch="false"/>
            <line number="36" hits="0" branch="true" condition-coverage="0% (0/2)"/>
            <line number="37" hits="0" branch="true" condition-coverage="0% (0/2)"/>
            <line number="40" hits="0" branch="false"/>
            <line number="42" hits="0" branch="false"/>
            <line number="45" hits="6" branch="false"/>
            <line number="47" hits="2" branch="false"/>
            <line number="50" hits="0" branch="false"/>
          </lines>
        </class>
        <class name="MenuStyles.js" filename="src\components\Menu\MenuStyles.js" line-rate="1" branch-rate="1">
          <methods>
            <method name="(anonymous_0)" hits="4" signature="()V">
              <lines>
                <line number="16" hits="4"/>
              </lines>
            </method>
            <method name="(anonymous_1)" hits="4" signature="()V">
              <lines>
                <line number="20" hits="4"/>
              </lines>
            </method>
            <method name="(anonymous_2)" hits="2" signature="()V">
              <lines>
                <line number="27" hits="2"/>
              </lines>
            </method>
            <method name="(anonymous_3)" hits="2" signature="()V">
              <lines>
                <line number="36" hits="2"/>
              </lines>
            </method>
          </methods>
          <lines>
            <line number="3" hits="3" branch="false"/>
            <line number="16" hits="4" branch="true" condition-coverage="100% (2/2)"/>
            <line number="20" hits="4" branch="true" condition-coverage="100% (2/2)"/>
            <line number="26" hits="3" branch="false"/>
            <line number="27" hits="2" branch="true" condition-coverage="100% (2/2)"/>
            <line number="36" hits="2" branch="true" condition-coverage="100% (2/2)"/>
            <line number="44" hits="3" branch="false"/>
            <line number="64" hits="3" branch="false"/>
          </lines>
        </class>
      </classes>
    </package>
    <package name="src.components.MenuNav" line-rate="1" branch-rate="1">
      <classes>
        <class name="MenuNav.js" filename="src\components\MenuNav\MenuNav.js" line-rate="1" branch-rate="1">
          <methods>
            <method name="(anonymous_0)" hits="17" signature="()V">
              <lines>
                <line number="6" hits="17"/>
              </lines>
            </method>
            <method name="(anonymous_1)" hits="2" signature="()V">
              <lines>
                <line number="11" hits="2"/>
              </lines>
            </method>
            <method name="(anonymous_2)" hits="2" signature="()V">
              <lines>
                <line number="15" hits="2"/>
              </lines>
            </method>
          </methods>
          <lines>
            <line number="6" hits="6" branch="false"/>
            <line number="7" hits="17" branch="false"/>
            <line number="8" hits="17" branch="false"/>
            <line number="9" hits="17" branch="false"/>
            <line number="11" hits="17" branch="false"/>
            <line number="12" hits="2" branch="false"/>
            <line number="15" hits="17" branch="false"/>
            <line number="16" hits="2" branch="false"/>
            <line number="19" hits="17" branch="false"/>
          </lines>
        </class>
        <class name="MenuNavStyles.js" filename="src\components\MenuNav\MenuNavStyles.js" line-rate="1" branch-rate="1">
          <methods>
          </methods>
          <lines>
            <line number="3" hits="6" branch="false"/>
            <line number="43" hits="6" branch="false"/>
            <line number="76" hits="6" branch="false"/>
            <line number="91" hits="6" branch="false"/>
          </lines>
        </class>
      </classes>
    </package>
    <package name="src.components.Message" line-rate="0.5" branch-rate="1">
      <classes>
        <class name="Message.js" filename="src\components\Message\Message.js" line-rate="0.5" branch-rate="1">
          <methods>
            <method name="(anonymous_0)" hits="0" signature="()V">
              <lines>
                <line number="1" hits="0"/>
              </lines>
            </method>
          </methods>
          <lines>
            <line number="1" hits="2" branch="false"/>
            <line number="2" hits="0" branch="false"/>
          </lines>
        </class>
      </classes>
    </package>
    <package name="src.components.Pagination" line-rate="0.963" branch-rate="0.9459000000000001">
      <classes>
        <class name="Pagination.js" filename="src\components\Pagination\Pagination.js" line-rate="0.9473999999999999" branch-rate="0.8824">
          <methods>
            <method name="(anonymous_0)" hits="387" signature="()V">
              <lines>
                <line number="4" hits="387"/>
              </lines>
            </method>
            <method name="(anonymous_1)" hits="32" signature="()V">
              <lines>
                <line number="8" hits="32"/>
              </lines>
            </method>
            <method name="(anonymous_2)" hits="6" signature="()V">
              <lines>
                <line number="28" hits="6"/>
              </lines>
            </method>
            <method name="(anonymous_3)" hits="1154" signature="()V">
              <lines>
                <line number="32" hits="1154"/>
              </lines>
            </method>
            <method name="(anonymous_4)" hits="22" signature="()V">
              <lines>
                <line number="38" hits="22"/>
              </lines>
            </method>
            <method name="(anonymous_5)" hits="4" signature="()V">
              <lines>
                <line number="44" hits="4"/>
              </lines>
            </method>
          </methods>
          <lines>
            <line number="4" hits="11" branch="true" condition-coverage="0% (0/1)"/>
            <line number="5" hits="387" branch="false"/>
            <line number="6" hits="387" branch="false"/>
            <line number="8" hits="387" branch="false"/>
            <line number="9" hits="32" branch="true" condition-coverage="50% (1/2)"/>
            <line number="10" hits="0" branch="false"/>
            <line number="13" hits="32" branch="false"/>
            <line number="14" hits="32" branch="true" condition-coverage="100% (2/2)"/>
            <line number="15" hits="10" branch="false"/>
            <line number="18" hits="22" branch="false"/>
            <line number="19" hits="22" branch="false"/>
            <line number="23" hits="387" branch="false"/>
            <line number="28" hits="6" branch="false"/>
            <line number="33" hits="1154" branch="false"/>
            <line number="34" hits="1154" branch="true" condition-coverage="100% (2/2)"/>
            <line number="35" hits="1154" branch="false"/>
            <line number="37" hits="1154" branch="true" condition-coverage="100% (2/2)"/>
            <line number="38" hits="1007" branch="false"/>
            <line number="44" hits="4" branch="false"/>
          </lines>
        </class>
        <class name="PaginationStyle.js" filename="src\components\Pagination\PaginationStyle.js" line-rate="1" branch-rate="1">
          <methods>
            <method name="(anonymous_0)" hits="930" signature="()V">
              <lines>
                <line number="24" hits="930"/>
              </lines>
            </method>
            <method name="(anonymous_1)" hits="930" signature="()V">
              <lines>
                <line number="25" hits="930"/>
              </lines>
            </method>
            <method name="(anonymous_2)" hits="930" signature="()V">
              <lines>
                <line number="26" hits="930"/>
              </lines>
            </method>
            <method name="(anonymous_3)" hits="930" signature="()V">
              <lines>
                <line number="27" hits="930"/>
              </lines>
            </method>
            <method name="(anonymous_4)" hits="930" signature="()V">
              <lines>
                <line number="28" hits="930"/>
              </lines>
            </method>
          </methods>
          <lines>
            <line number="3" hits="11" branch="false"/>
            <line number="7" hits="11" branch="false"/>
            <line number="14" hits="11" branch="false"/>
            <line number="24" hits="930" branch="true" condition-coverage="100% (4/4)"/>
            <line number="25" hits="930" branch="true" condition-coverage="100% (4/4)"/>
            <line number="26" hits="930" branch="true" condition-coverage="100% (4/4)"/>
            <line number="27" hits="930" branch="true" condition-coverage="100% (4/4)"/>
            <line number="28" hits="930" branch="true" condition-coverage="100% (4/4)"/>
          </lines>
        </class>
      </classes>
    </package>
    <package name="src.components.Profile" line-rate="0" branch-rate="1">
      <classes>
        <class name="Profile.js" filename="src\components\Profile\Profile.js" line-rate="0" branch-rate="1">
          <methods>
            <method name="(anonymous_0)" hits="0" signature="()V">
              <lines>
[...]
          </lines>
        </class>
      </classes>
    </package>
    <package name="src.components.Session" line-rate="0.3333" branch-rate="1">
      <classes>
        <class name="Session.js" filename="src\components\Session\Session.js" line-rate="0.3333" branch-rate="1">
          <methods>
            <method name="(anonymous_0)" hits="0" signature="()V">
              <lines>
                <line number="3" hits="0"/>
              </lines>
            </method>
            <method name="(anonymous_1)" hits="0" signature="()V">
              <lines>
                <line number="7" hits="0"/>
              </lines>
            </method>
          </methods>
          <lines>
            <line number="3" hits="2" branch="false"/>
            <line number="5" hits="0" branch="false"/>
            <line number="8" hits="0" branch="false"/>
          </lines>
        </class>
      </classes>
    </package>
    <package name="src.components.User" line-rate="1" branch-rate="1">
      <classes>
        <class name="User.js" filename="src\components\User\User.js" line-rate="1" branch-rate="1">
          <methods>
            <method name="(anonymous_0)" hits="135" signature="()V">
              <lines>
                <line number="10" hits="135"/>
              </lines>
            </method>
            <method name="(anonymous_1)" hits="529" signature="()V">
              <lines>
                <line number="11" hits="529"/>
              </lines>
            </method>
            <method name="(anonymous_2)" hits="1" signature="()V">
              <lines>
                <line number="14" hits="1"/>
              </lines>
            </method>
          </methods>
          <lines>
            <line number="10" hits="10" branch="false"/>
            <line number="11" hits="529" branch="false"/>
            <line number="12" hits="135" branch="false"/>
            <line number="14" hits="135" branch="false"/>
            <line number="15" hits="1" branch="false"/>
            <line number="18" hits="135" branch="false"/>
          </lines>
        </class>
        <class name="UserStyle.js" filename="src\components\User\UserStyle.js" line-rate="1" branch-rate="1">
          <methods>
            <method name="(anonymous_0)" hits="133" signature="()V">
              <lines>
                <line number="30" hits="133"/>
              </lines>
            </method>
            <method name="(anonymous_1)" hits="133" signature="()V">
              <lines>
                <line number="52" hits="133"/>
              </lines>
            </method>
          </methods>
          <lines>
            <line number="4" hits="10" branch="false"/>
            <line number="13" hits="10" branch="false"/>
            <line number="19" hits="10" branch="false"/>
            <line number="30" hits="133" branch="true" condition-coverage="100% (2/2)"/>
            <line number="33" hits="10" branch="false"/>
            <line number="52" hits="133" branch="true" condition-coverage="100% (2/2)"/>
            <line number="56" hits="10" branch="false"/>
            <line number="63" hits="10" branch="false"/>
            <line number="79" hits="10" branch="false"/>
            <line number="84" hits="10" branch="false"/>
          </lines>
        </class>
      </classes>
    </package>
    <package name="src.components.UserChat" line-rate="1" branch-rate="0.75">
      <classes>
        <class name="UserChat.js" filename="src\components\UserChat\UserChat.js" line-rate="1" branch-rate="1">
          <methods>
            <method name="(anonymous_0)" hits="92" signature="()V">
              <lines>
                <line number="9" hits="92"/>
              </lines>
            </method>
            <method name="(anonymous_1)" hits="2" signature="()V">
              <lines>
                <line number="13" hits="2"/>
              </lines>
            </method>
            <method name="(anonymous_2)" hits="2" signature="()V">
              <lines>
                <line number="30" hits="2"/>
              </lines>
            </method>
          </methods>
          <lines>
            <line number="9" hits="10" branch="false"/>
            <line number="10" hits="92" branch="false"/>
            <line number="11" hits="92" branch="false"/>
            <line number="13" hits="92" branch="false"/>
            <line number="14" hits="2" branch="false"/>
            <line number="17" hits="92" branch="false"/>
            <line number="30" hits="2" branch="false"/>
          </lines>
        </class>
        <class name="UserChatStyle.js" filename="src\components\UserChat\UserChatStyle.js" line-rate="1" branch-rate="0.75">
          <methods>
            <method name="(anonymous_0)" hits="87" signature="()V">
              <lines>
                <line number="23" hits="87"/>
              </lines>
            </method>
            <method name="(anonymous_1)" hits="85" signature="()V">
              <lines>
                <line number="45" hits="85"/>
              </lines>
            </method>
          </methods>
          <lines>
            <line number="4" hits="10" branch="false"/>
            <line number="12" hits="10" branch="false"/>
            <line number="23" hits="87" branch="true" condition-coverage="100% (2/2)"/>
            <line number="26" hits="10" branch="false"/>
            <line number="45" hits="85" branch="true" condition-coverage="50% (1/2)"/>
            <line number="49" hits="10" branch="false"/>
            <line number="56" hits="10" branch="false"/>
            <line number="73" hits="10" branch="false"/>
          </lines>
        </class>
      </classes>
    </package>
    <package name="src.components.UserChatsList" line-rate="1" branch-rate="1">
      <classes>
        <class name="UserChatsList.js" filename="src\components\UserChatsList\UserChatsList.js" line-rate="1" branch-rate="1">
          <methods>
            <method name="(anonymous_0)" hits="84" signature="()V">
              <lines>
                <line number="6" hits="84"/>
              </lines>
            </method>
            <method name="(anonymous_1)" hits="94" signature="()V">
              <lines>
                <line number="13" hits="94"/>
              </lines>
            </method>
          </methods>
          <lines>
            <line number="6" hits="7" branch="false"/>
            <line number="7" hits="84" branch="false"/>
            <line number="9" hits="84" branch="false"/>
            <line number="14" hits="94" branch="false"/>
          </lines>
        </class>
        <class name="UserChatsListStyle.js" filename="src\components\UserChatsList\UserChatsListStyle.js" line-rate="1" branch-rate="1">
          <methods>
          </methods>
          <lines>
            <line number="3" hits="7" branch="false"/>
          </lines>
        </class>
      </classes>
    </package>
    <package name="src.components.UserChatsView" line-rate="1" branch-rate="1">
      <classes>
        <class name="UserChatsView.js" filename="src\components\UserChatsView\UserChatsView.js" line-rate="1" branch-rate="1">
          <methods>
            <method name="(anonymous_0)" hits="7" signature="()V">
              <lines>
                <line number="7" hits="7"/>
              </lines>
            </method>
          </methods>
          <lines>
            <line number="7" hits="4" branch="false"/>
            <line number="8" hits="7" branch="false"/>
          </lines>
        </class>
        <class name="UserChatsViewStyle.js" filename="src\components\UserChatsView\UserChatsViewStyle.js" line-rate="1" branch-rate="1">
          <methods>
          </methods>
          <lines>
            <line number="3" hits="4" branch="false"/>
          </lines>
        </class>
      </classes>
    </package>
    <package name="src.components.UsersList" line-rate="1" branch-rate="1">
      <classes>
        <class name="UsersList.js" filename="src\components\UsersList\UsersList.js" line-rate="1" branch-rate="1">
          <methods>
            <method name="(anonymous_0)" hits="140" signature="()V">
              <lines>
                <line number="6" hits="140"/>
              </lines>
            </method>
            <method name="(anonymous_1)" hits="128" signature="()V">
              <lines>
                <line number="13" hits="128"/>
              </lines>
            </method>
          </methods>
          <lines>
            <line number="6" hits="7" branch="false"/>
            <line number="7" hits="140" branch="false"/>
            <line number="9" hits="140" branch="false"/>
            <line number="14" hits="128" branch="false"/>
          </lines>
        </class>
        <class name="UsersListStyle.js" filename="src\components\UsersList\UsersListStyle.js" line-rate="1" branch-rate="1">
          <methods>
          </methods>
          <lines>
            <line number="3" hits="7" branch="false"/>
          </lines>
        </class>
      </classes>
    </package>
    <package name="src.components.UsersView" line-rate="1" branch-rate="1">
      <classes>
        <class name="UsersView.js" filename="src\components\UsersView\UsersView.js" line-rate="1" branch-rate="1">
          <methods>
            <method name="(anonymous_0)" hits="135" signature="()V">
              <lines>
                <line number="10" hits="135"/>
              </lines>
            </method>
            <method name="(anonymous_1)" hits="102" signature="()V">
              <lines>
                <line number="14" hits="102"/>
              </lines>
            </method>
          </methods>
          <lines>
            <line number="10" hits="5" branch="false"/>
            <line number="11" hits="135" branch="false"/>
            <line number="12" hits="135" branch="false"/>
            <line number="14" hits="135" branch="false"/>
            <line number="15" hits="102" branch="true" condition-coverage="100% (2/2)"/>
            <line number="16" hits="39" branch="false"/>
            <line number="20" hits="135" branch="false"/>
          </lines>
        </class>
        <class name="UsersViewStyle.js" filename="src\components\UsersView\UsersViewStyle.js" line-rate="1" branch-rate="1">
          <methods>
          </methods>
          <lines>
            <line number="3" hits="5" branch="false"/>
          </lines>
        </class>
      </classes>
    </package>
    <package name="src.exceptions" line-rate="0" branch-rate="1">
      <classes>
        <class name="unauthorizedException.js" filename="src\exceptions\unauthorizedException.js" line-rate="0" branch-rate="1">
          <methods>
            <method name="(anonymous_0)" hits="0" signature="()V">
              <lines>
                <line number="2" hits="0"/>
              </lines>
            </method>
            <method name="(anonymous_1)" hits="0" signature="()V">
              <lines>
                <line number="10" hits="0"/>
              </lines>
            </method>
          </methods>
          <lines>
            <line number="3" hits="0" branch="false"/>
            <line number="4" hits="0" branch="false"/>
            <line number="6" hits="0" branch="false"/>
            <line number="7" hits="0" branch="false"/>
            <line number="11" hits="0" branch="false"/>
          </lines>
        </class>
      </classes>
    </package>
    <package name="src.hooks" line-rate="0.9667" branch-rate="0.7857">
      <classes>
        <class name="useEffectInitial.js" filename="src\hooks\useEffectInitial.js" line-rate="1" branch-rate="1">
          <methods>
            <method name="(anonymous_0)" hits="735" signature="()V">
              <lines>
                <line number="3" hits="735"/>
              </lines>
            </method>
            <method name="(anonymous_1)" hits="54" signature="()V">
              <lines>
                <line number="6" hits="54"/>
              </lines>
            </method>
          </methods>
          <lines>
            <line number="3" hits="16" branch="false"/>
            <line number="4" hits="735" branch="false"/>
            <line number="6" hits="735" branch="false"/>
            <line number="7" hits="54" branch="true" condition-coverage="100% (2/2)"/>
            <line number="8" hits="47" branch="false"/>
            <line number="9" hits="47" branch="false"/>
            <line number="12" hits="7" branch="false"/>
          </lines>
        </class>
        <class name="useInput.js" filename="src\hooks\useInput.js" line-rate="1" branch-rate="1">
          <methods>
            <method name="(anonymous_0)" hits="686" signature="()V">
              <lines>
                <line number="4" hits="686"/>
              </lines>
            </method>
            <method name="(anonymous_1)" hits="1" signature="()V">
              <lines>
                <line number="8" hits="1"/>
              </lines>
            </method>
            <method name="(anonymous_2)" hits="18" signature="()V">
              <lines>
                <line number="12" hits="18"/>
              </lines>
            </method>
            <method name="(anonymous_3)" hits="17" signature="()V">
              <lines>
                <line number="21" hits="17"/>
              </lines>
            </method>
            <method name="(anonymous_4)" hits="204" signature="()V">
              <lines>
                <line number="34" hits="204"/>
              </lines>
            </method>
          </methods>
          <lines>
            <line number="4" hits="15" branch="true" condition-coverage="100% (2/2)"/>
            <line number="5" hits="686" branch="false"/>
            <line number="6" hits="686" branch="false"/>
            <line number="8" hits="686" branch="false"/>
            <line number="9" hits="1" branch="false"/>
            <line number="12" hits="686" branch="false"/>
            <line number="13" hits="18" branch="true" condition-coverage="100% (2/2)"/>
            <line number="14" hits="2" branch="true" condition-coverage="100% (2/2)"/>
            <line number="21" hits="686" branch="false"/>
            <line number="22" hits="17" branch="false"/>
            <line number="23" hits="17" branch="false"/>
            <line number="26" hits="686" branch="false"/>
            <line number="28" hits="686" branch="false"/>
            <line number="34" hits="204" branch="true" condition-coverage="100% (2/2)"/>
          </lines>
        </class>
        <class name="usePasswordInput.js" filename="src\hooks\usePasswordInput.js" line-rate="0.8889" branch-rate="0.25">
          <methods>
            <method name="(anonymous_0)" hits="123" signature="()V">
              <lines>
                <line number="22" hits="123"/>
              </lines>
            </method>
            <method name="(anonymous_1)" hits="0" signature="()V">
              <lines>
                <line number="31" hits="0"/>
              </lines>
            </method>
          </methods>
          <lines>
            <line number="7" hits="7" branch="false"/>
            <line number="13" hits="7" branch="false"/>
            <line number="22" hits="7" branch="false"/>
            <line number="23" hits="123" branch="false"/>
            <line number="25" hits="123" branch="false"/>
            <line number="31" hits="123" branch="false"/>
            <line number="32" hits="0" branch="true" condition-coverage="0% (0/2)"/>
            <line number="37" hits="123" branch="false"/>
            <line number="45" hits="123" branch="false"/>
          </lines>
        </class>
      </classes>
    </package>
    <package name="src.utils" line-rate="0.1923" branch-rate="0.25">
      <classes>
        <class name="ErrorBoundary.js" filename="src\utils\ErrorBoundary.js" line-rate="0" branch-rate="0">
          <methods>
            <method name="(anonymous_0)" hits="0" signature="()V">
              <lines>
                <line number="8" hits="0"/>
              </lines>
            </method>
            <method name="(anonymous_1)" hits="0" signature="()V">
              <lines>
                <line number="14" hits="0"/>
              </lines>
            </method>
            <method name="(anonymous_2)" hits="0" signature="()V">
              <lines>
                <line number="21" hits="0"/>
              </lines>
            </method>
          </methods>
          <lines>
            <line number="4" hits="0" branch="false"/>
            <line number="9" hits="0" branch="true" condition-coverage="0% (0/2)"/>
            <line number="10" hits="0" branch="false"/>
            <line number="15" hits="0" branch="true" condition-coverage="0% (0/2)"/>
            <line number="16" hits="0" branch="false"/>
            <line number="18" hits="0" branch="false"/>
            <line number="22" hits="0" branch="false"/>
            <line number="23" hits="0" branch="true" condition-coverage="0% (0/2)"/>
            <line number="24" hits="0" branch="false"/>
            <line number="30" hits="0" branch="false"/>
          </lines>
        </class>
        <class name="WebSocket.js" filename="src\utils\WebSocket.js" line-rate="0" branch-rate="1">
          <methods>
            <method name="(anonymous_0)" hits="0" signature="()V">
              <lines>
                <line number="4" hits="0"/>
              </lines>
            </method>
            <method name="(anonymous_1)" hits="0" signature="()V">
              <lines>
                <line number="6" hits="0"/>
              </lines>
            </method>
            <method name="(anonymous_2)" hits="0" signature="()V">
              <lines>
                <line number="17" hits="0"/>
              </lines>
            </method>
            <method name="(anonymous_3)" hits="0" signature="()V">
              <lines>
                <line number="21" hits="0"/>
              </lines>
            </method>
            <method name="(anonymous_4)" hits="0" signature="()V">
              <lines>
                <line number="28" hits="0"/>
              </lines>
            </method>
          </methods>
          <lines>
            <line number="4" hits="0" branch="false"/>
            <line number="6" hits="0" branch="false"/>
            <line number="7" hits="0" branch="false"/>
            <line number="17" hits="0" branch="false"/>
            <line number="18" hits="0" branch="false"/>
            <line number="21" hits="0" branch="false"/>
            <line number="22" hits="0" branch="false"/>
            <line number="23" hits="0" branch="false"/>
            <line number="26" hits="0" branch="false"/>
            <line number="28" hits="0" branch="false"/>
            <line number="31" hits="0" branch="false"/>
          </lines>
        </class>
        <class name="history.js" filename="src\utils\history.js" line-rate="1" branch-rate="1">
          <methods>
          </methods>
          <lines>
          </lines>
        </class>
        <class name="splitArray.js" filename="src\utils\splitArray.js" line-rate="1" branch-rate="1">
          <methods>
            <method name="(anonymous_0)" hits="43" signature="()V">
              <lines>
                <line number="1" hits="43"/>
              </lines>
            </method>
            <method name="(anonymous_1)" hits="152" signature="()V">
              <lines>
                <line number="2" hits="152"/>
              </lines>
            </method>
          </methods>
          <lines>
            <line number="1" hits="23" branch="false"/>
            <line number="2" hits="43" branch="false"/>
            <line number="3" hits="152" branch="false"/>
            <line number="4" hits="152" branch="true" condition-coverage="100% (2/2)"/>
            <line number="6" hits="152" branch="false"/>
          </lines>
        </class>
      </classes>
    </package>
  </packages>
</coverage>
